<?xml version="1.0" encoding="UTF-8"?>
<!-- Generated by org.testng.reporters.JUnitReportReporter -->
<testsuite skipped="0" hostname="PHQCEALP00075" name="MavenTutorial.TestNG_Test" tests="2" failures="0" timestamp="2021-08-20T11:29:44 SGT" time="0.009" errors="0">
  <testcase name="Practice101" time="0.008" classname="MavenTutorial.TestNG_Test"/>
  <system-out/>
  <testcase name="Practice102" time="0.001" classname="MavenTutorial.TestNG_Test"/>
  <system-out/>
</testsuite> <!-- MavenTutorial.TestNG_Test -->
